\BOOKMARK [1][-]{section.0.1}{\376\377\0000\000.\0001\000\040\000u\000r\000\137\000v\000a\000r\000i\000a\000b\000l\000e\000s\000\040\000C\000l\000a\000s\000s\000\040\000R\000e\000f\000e\000r\000e\000n\000c\000e}{}% 1
\BOOKMARK [2][-]{subsection.0.1.1}{\376\377\0000\000.\0001\000.\0001\000\040\000D\000e\000t\000a\000i\000l\000e\000d\000\040\000D\000e\000s\000c\000r\000i\000p\000t\000i\000o\000n}{section.0.1}% 2
\BOOKMARK [2][-]{subsection.0.1.2}{\376\377\0000\000.\0001\000.\0002\000\040\000C\000o\000n\000s\000t\000r\000u\000c\000t\000o\000r\000\040\000\046\000\040\000D\000e\000s\000t\000r\000u\000c\000t\000o\000r\000\040\000D\000o\000c\000u\000m\000e\000n\000t\000a\000t\000i\000o\000n}{section.0.1}% 3
\BOOKMARK [3][-]{subsubsection.0.1.2.1}{\376\377\0000\000.\0001\000.\0002\000.\0001\000\040\000u\000r\000v\000a\000r\000i\000a\000b\000l\000e\000s\000\050\000\051}{subsection.0.1.2}% 4
\BOOKMARK [2][-]{subsection.0.1.3}{\376\377\0000\000.\0001\000.\0003\000\040\000M\000e\000m\000b\000e\000r\000\040\000F\000u\000n\000c\000t\000i\000o\000n\000\040\000D\000o\000c\000u\000m\000e\000n\000t\000a\000t\000i\000o\000n}{section.0.1}% 5
\BOOKMARK [3][-]{subsubsection.0.1.3.1}{\376\377\0000\000.\0001\000.\0003\000.\0001\000\040\000g\000e\000t\000A\000n\000a\000l\000o\000g\000I\000n\000p\000u\000t\000S\000t\000a\000t\000u\000s\000\050\000i\000n\000t\000\040\000a\000d\000d\000r\000e\000s\000s\000\051}{subsection.0.1.3}% 6
\BOOKMARK [3][-]{subsubsection.0.1.3.2}{\376\377\0000\000.\0001\000.\0003\000.\0002\000\040\000g\000e\000t\000A\000n\000a\000l\000o\000g\000O\000u\000t\000p\000u\000t\000C\000u\000r\000r\000e\000n\000t\000\050\000i\000n\000t\000\040\000a\000d\000d\000r\000e\000s\000s\000\051}{subsection.0.1.3}% 7
\BOOKMARK [3][-]{subsubsection.0.1.3.3}{\376\377\0000\000.\0001\000.\0003\000.\0003\000\040\000g\000e\000t\000A\000n\000a\000l\000o\000g\000O\000u\000t\000p\000u\000t\000C\000u\000r\000r\000e\000n\000t\000F\000a\000c\000t\000o\000r\000\050\000i\000n\000t\000\040\000a\000d\000d\000r\000e\000s\000s\000\051}{subsection.0.1.3}% 8
\BOOKMARK [3][-]{subsubsection.0.1.3.4}{\376\377\0000\000.\0001\000.\0003\000.\0004\000\040\000g\000e\000t\000A\000n\000a\000l\000o\000g\000O\000u\000t\000p\000u\000t\000V\000o\000l\000t\000a\000g\000e\000\050\000i\000n\000t\000\040\000a\000d\000d\000r\000e\000s\000s\000\051}{subsection.0.1.3}% 9
\BOOKMARK [3][-]{subsubsection.0.1.3.5}{\376\377\0000\000.\0001\000.\0003\000.\0005\000\040\000g\000e\000t\000A\000n\000a\000l\000o\000g\000O\000u\000t\000p\000u\000t\000V\000o\000l\000t\000a\000g\000e\000F\000a\000c\000t\000o\000r\000\050\000i\000n\000t\000\040\000a\000d\000d\000r\000e\000s\000s\000\051}{subsection.0.1.3}% 10
\BOOKMARK [3][-]{subsubsection.0.1.3.6}{\376\377\0000\000.\0001\000.\0003\000.\0006\000\040\000g\000e\000t\000I\000n\000p\000u\000t\000\050\000i\000n\000t\000\040\000a\000d\000d\000r\000e\000s\000s\000\051}{subsection.0.1.3}% 11
\BOOKMARK [3][-]{subsubsection.0.1.3.7}{\376\377\0000\000.\0001\000.\0003\000.\0007\000\040\000g\000e\000t\000I\000n\000p\000u\000t\000T\000o\000o\000l\000\050\000i\000n\000t\000\040\000a\000d\000d\000r\000e\000s\000s\000\051}{subsection.0.1.3}% 12
\BOOKMARK [3][-]{subsubsection.0.1.3.8}{\376\377\0000\000.\0001\000.\0003\000.\0008\000\040\000g\000e\000t\000O\000u\000t\000p\000u\000t\000\050\000i\000n\000t\000\040\000a\000d\000d\000r\000e\000s\000s\000\051}{subsection.0.1.3}% 13
\BOOKMARK [3][-]{subsubsection.0.1.3.9}{\376\377\0000\000.\0001\000.\0003\000.\0009\000\040\000g\000e\000t\000O\000u\000t\000p\000u\000t\000T\000o\000o\000l\000\050\000i\000n\000t\000\040\000a\000d\000d\000r\000e\000s\000s\000\051}{subsection.0.1.3}% 14
\BOOKMARK [3][-]{subsubsection.0.1.3.10}{\376\377\0000\000.\0001\000.\0003\000.\0001\0000\000\040\000g\000e\000t\000P\000a\000y\000l\000o\000a\000d\000\050\000\051}{subsection.0.1.3}% 15
\BOOKMARK [3][-]{subsubsection.0.1.3.11}{\376\377\0000\000.\0001\000.\0003\000.\0001\0001\000\040\000i\000s\000E\000S\000t\000o\000p\000p\000e\000d\000\050\000\051}{subsection.0.1.3}% 16
\BOOKMARK [3][-]{subsubsection.0.1.3.12}{\376\377\0000\000.\0001\000.\0003\000.\0001\0002\000\040\000i\000s\000M\000o\000t\000i\000o\000n\000P\000o\000s\000s\000i\000b\000l\000e\000\050\000\051}{subsection.0.1.3}% 17
\BOOKMARK [3][-]{subsubsection.0.1.3.13}{\376\377\0000\000.\0001\000.\0003\000.\0001\0003\000\040\000i\000s\000P\000o\000w\000e\000r\000e\000d\000\050\000\051}{subsection.0.1.3}% 18
\BOOKMARK [3][-]{subsubsection.0.1.3.14}{\376\377\0000\000.\0001\000.\0003\000.\0001\0004\000\040\000s\000e\000t\000A\000n\000a\000l\000o\000g\000C\000u\000r\000r\000e\000n\000t\000\050\000i\000n\000t\000\040\000a\000d\000d\000r\000e\000s\000s\000,\000\040\000f\000l\000o\000a\000t\000\040\000c\000u\000r\000r\000e\000n\000t\000\051}{subsection.0.1.3}% 19
\BOOKMARK [3][-]{subsubsection.0.1.3.15}{\376\377\0000\000.\0001\000.\0003\000.\0001\0005\000\040\000s\000e\000t\000A\000n\000a\000l\000o\000g\000C\000u\000r\000r\000e\000n\000t\000F\000a\000c\000t\000o\000r\000\050\000i\000n\000t\000\040\000a\000d\000d\000r\000e\000s\000s\000,\000\040\000f\000l\000o\000a\000t\000\040\000f\000a\000c\000t\000o\000r\000\051}{subsection.0.1.3}% 20
\BOOKMARK [3][-]{subsubsection.0.1.3.16}{\376\377\0000\000.\0001\000.\0003\000.\0001\0006\000\040\000s\000e\000t\000A\000n\000a\000l\000o\000g\000V\000o\000l\000t\000a\000g\000e\000\050\000i\000n\000t\000\040\000a\000d\000d\000r\000e\000s\000s\000,\000\040\000f\000l\000o\000a\000t\000\040\000v\000o\000l\000t\000a\000g\000e\000\051}{subsection.0.1.3}% 21
\BOOKMARK [3][-]{subsubsection.0.1.3.17}{\376\377\0000\000.\0001\000.\0003\000.\0001\0007\000\040\000s\000e\000t\000A\000n\000a\000l\000o\000g\000V\000o\000l\000t\000a\000g\000e\000F\000a\000c\000t\000o\000r\000\050\000i\000n\000t\000\040\000a\000d\000d\000r\000e\000s\000s\000,\000\040\000f\000l\000o\000a\000t\000\040\000f\000a\000c\000t\000o\000r\000\051}{subsection.0.1.3}% 22
\BOOKMARK [3][-]{subsubsection.0.1.3.18}{\376\377\0000\000.\0001\000.\0003\000.\0001\0008\000\040\000s\000e\000t\000H\000i\000g\000h\000\050\000i\000n\000t\000\040\000a\000d\000d\000r\000e\000s\000s\000\051}{subsection.0.1.3}% 23
\BOOKMARK [3][-]{subsubsection.0.1.3.19}{\376\377\0000\000.\0001\000.\0003\000.\0001\0009\000\040\000s\000e\000t\000L\000o\000w\000\050\000i\000n\000t\000\040\000a\000d\000d\000r\000e\000s\000s\000\051}{subsection.0.1.3}% 24
\BOOKMARK [3][-]{subsubsection.0.1.3.20}{\376\377\0000\000.\0001\000.\0003\000.\0002\0000\000\040\000s\000e\000t\000O\000u\000t\000p\000u\000t\000\050\000i\000n\000t\000\040\000a\000d\000d\000r\000e\000s\000s\000,\000\040\000i\000n\000t\000\040\000s\000t\000a\000t\000e\000\051}{subsection.0.1.3}% 25
\BOOKMARK [3][-]{subsubsection.0.1.3.21}{\376\377\0000\000.\0001\000.\0003\000.\0002\0001\000\040\000s\000e\000t\000O\000u\000t\000p\000u\000t\000T\000o\000o\000l\000\050\000i\000n\000t\000\040\000a\000d\000d\000r\000e\000s\000s\000,\000\040\000i\000n\000t\000\040\000s\000t\000a\000t\000e\000\051}{subsection.0.1.3}% 26
\BOOKMARK [3][-]{subsubsection.0.1.3.22}{\376\377\0000\000.\0001\000.\0003\000.\0002\0002\000\040\000s\000e\000t\000P\000a\000y\000l\000o\000a\000d\000\050\000f\000l\000o\000a\000t\000\040\000m\000a\000s\000s\000=\0000\000.\0009\0000\0000\000\051}{subsection.0.1.3}% 27
\BOOKMARK [3][-]{subsubsection.0.1.3.23}{\376\377\0000\000.\0001\000.\0003\000.\0002\0003\000\040\000u\000r\000v\000a\000r\000i\000a\000b\000l\000e\000s\000s\000t\000a\000t\000e\000s\000t\000a\000t\000u\000s\000C\000a\000l\000l\000b\000a\000c\000k\000\050\000c\000o\000n\000s\000t\000\040\000i\000n\000d\000u\000s\000t\000r\000i\000a\000l\000m\000s\000g\000s\000:\000:\000R\000o\000b\000o\000t\000S\000t\000a\000t\000u\000s\000:\000:\000C\000o\000n\000s\000t\000P\000t\000r\000\040\000m\000s\000g\000\051}{subsection.0.1.3}% 28
\BOOKMARK [3][-]{subsubsection.0.1.3.24}{\376\377\0000\000.\0001\000.\0003\000.\0002\0004\000\040\000u\000r\000v\000a\000r\000i\000a\000b\000l\000e\000s\000s\000t\000a\000t\000u\000s\000C\000a\000l\000l\000b\000a\000c\000k\000\050\000c\000o\000n\000s\000t\000\040\000u\000r\000m\000s\000g\000s\000:\000:\000I\000O\000S\000t\000a\000t\000e\000s\000:\000:\000C\000o\000n\000s\000t\000P\000t\000r\000\040\000m\000s\000g\000\051}{subsection.0.1.3}% 29
